yarn run v1.22.1
$ parcel serve src/*.html
Building...
Bundling...
Packaging & Optimizing...
Server running at http://localhost:1234
✨ Built in 793ms
Building...
Bundling...
✨ Built in 21ms
Building...
Bundling...
✨ Built in 16ms
Building...
Bundling...
✨ Built in 21ms
Building...
Bundling...
✨ Built in 55ms
Building...
Bundling...
Packaging & Optimizing...
Building...
Bundling...
✨ Built in 42ms
Building...
Bundling...
Packaging & Optimizing...
Building...
Bundling...
✨ Built in 28ms
Building...
Bundling...
✨ Built in 14ms
Building...
Bundling...
✨ Built in 13ms
Building...
Bundling...
✨ Built in 13ms
Building...
Bundling...
✨ Built in 15ms
Building...
Bundling...
✨ Built in 15ms
Building...
Bundling...
✨ Built in 12ms
